<?xml version="1.0" encoding="UTF-8"?>
<!-- Generated by org.testng.reporters.JUnitReportReporter -->
<testsuite skipped="6" hostname="Anie" name="by.http.tstng.tstng_study.AppTestXPath" tests="7" failures="0" timestamp="25 Dec 2017 20:05:27 GMT" time="12.677" errors="0">
  <testcase name="task6" time="12.677" classname="by.http.tstng.tstng_study.AppTestXPath"/>
  <testcase name="task5" classname="by.http.tstng.tstng_study.AppTestXPath">
    <skipped/>
  </testcase> <!-- task5 -->
  <testcase name="task4" classname="by.http.tstng.tstng_study.AppTestXPath">
    <skipped/>
  </testcase> <!-- task4 -->
  <testcase name="task2" classname="by.http.tstng.tstng_study.AppTestXPath">
    <skipped/>
  </testcase> <!-- task2 -->
  <testcase name="task5OneMoreTest" classname="by.http.tstng.tstng_study.AppTestXPath">
    <skipped/>
  </testcase> <!-- task5OneMoreTest -->
  <testcase name="task5OneMoreTestPlus" classname="by.http.tstng.tstng_study.AppTestXPath">
    <skipped/>
  </testcase> <!-- task5OneMoreTestPlus -->
  <testcase name="task1" classname="by.http.tstng.tstng_study.AppTestXPath">
    <skipped/>
  </testcase> <!-- task1 -->
</testsuite> <!-- by.http.tstng.tstng_study.AppTestXPath -->
