<?xml version="1.0" encoding="UTF-8"?>
<!-- Generated by org.testng.reporters.JUnitReportReporter -->
<testsuite skipped="7" hostname="Anie" name="by.http.tstng.tstng_study.AppTestcssLocator" tests="8" failures="0" timestamp="24 Dec 2017 18:55:48 GMT" time="16.241" errors="0">
  <testcase name="task6" time="16.241" classname="by.http.tstng.tstng_study.AppTestcssLocator"/>
  <testcase name="task5" classname="by.http.tstng.tstng_study.AppTestcssLocator">
    <skipped/>
  </testcase> <!-- task5 -->
  <testcase name="test1" classname="by.http.tstng.tstng_study.AppTestcssLocator">
    <skipped/>
  </testcase> <!-- test1 -->
  <testcase name="task2" classname="by.http.tstng.tstng_study.AppTestcssLocator">
    <skipped/>
  </testcase> <!-- task2 -->
  <testcase name="task1" classname="by.http.tstng.tstng_study.AppTestcssLocator">
    <skipped/>
  </testcase> <!-- task1 -->
  <testcase name="task4" classname="by.http.tstng.tstng_study.AppTestcssLocator">
    <skipped/>
  </testcase> <!-- task4 -->
  <testcase name="task5OneMoreTestPlus" classname="by.http.tstng.tstng_study.AppTestcssLocator">
    <skipped/>
  </testcase> <!-- task5OneMoreTestPlus -->
  <testcase name="task5OneMoreTest" classname="by.http.tstng.tstng_study.AppTestcssLocator">
    <skipped/>
  </testcase> <!-- task5OneMoreTest -->
</testsuite> <!-- by.http.tstng.tstng_study.AppTestcssLocator -->
