<?xml version="1.0" encoding="UTF-8"?>
<!-- Generated by org.testng.reporters.JUnitReportReporter -->
<testsuite skipped="7" hostname="Anie" name="by.http.tstng.tstng_study.AppTest" tests="8" failures="0" timestamp="24 Dec 2017 12:31:43 GMT" time="14.266" errors="0">
  <testcase name="task6" time="14.266" classname="by.http.tstng.tstng_study.AppTest"/>
  <testcase name="task5" classname="by.http.tstng.tstng_study.AppTest">
    <skipped/>
  </testcase> <!-- task5 -->
  <testcase name="task5OneMoreTestPlus" classname="by.http.tstng.tstng_study.AppTest">
    <skipped/>
  </testcase> <!-- task5OneMoreTestPlus -->
  <testcase name="task2" classname="by.http.tstng.tstng_study.AppTest">
    <skipped/>
  </testcase> <!-- task2 -->
  <testcase name="task5OneMoreTest" classname="by.http.tstng.tstng_study.AppTest">
    <skipped/>
  </testcase> <!-- task5OneMoreTest -->
  <testcase name="task1" classname="by.http.tstng.tstng_study.AppTest">
    <skipped/>
  </testcase> <!-- task1 -->
  <testcase name="task4" classname="by.http.tstng.tstng_study.AppTest">
    <skipped/>
  </testcase> <!-- task4 -->
  <testcase name="test1" classname="by.http.tstng.tstng_study.AppTest">
    <skipped/>
  </testcase> <!-- test1 -->
</testsuite> <!-- by.http.tstng.tstng_study.AppTest -->
