<?xml version="1.0" encoding="UTF-8"?>
<!-- Generated by org.testng.reporters.JUnitReportReporter -->
<testsuite skipped="0" hostname="Anie" name="by.http.tstng.tstng_study.AppTest" tests="2" failures="0" timestamp="11 Dec 2017 16:13:18 GMT" time="0.002" errors="0">
  <testcase name="test2" time="0.000" classname="by.http.tstng.tstng_study.AppTest"/>
  <testcase name="test1" time="0.002" classname="by.http.tstng.tstng_study.AppTest"/>
</testsuite> <!-- by.http.tstng.tstng_study.AppTest -->
